2023-02-15 16:42:31.085 [ERRO] errorHandler.go:16: exception recovered: mssql: 违反了 UNIQUE KEY 约束“UQ__accounts__72E12F1BB2F26D04”。不能在对象“dbo.accounts”中插入重复键。重复键值为 (pyxfgj)。
Stack:
1.  demo_backend/middleware.MiddlewareErrorHandler
    F:/mydev/demo_backend/middleware/errorHandler.go:16
2.  github.com/gogf/gf/v2/net/ghttp.(*middleware).Next.func1.5
    C:/Users/Administrator/go/pkg/mod/github.com/gogf/gf/v2@v2.3.1/net/ghttp/ghttp_request_middleware.go:96
3.  github.com/gogf/gf/v2/net/ghttp.niceCallFunc
    C:/Users/Administrator/go/pkg/mod/github.com/gogf/gf/v2@v2.3.1/net/ghttp/ghttp_func.go:55
4.  github.com/gogf/gf/v2/net/ghttp.(*middleware).Next.func1
    C:/Users/Administrator/go/pkg/mod/github.com/gogf/gf/v2@v2.3.1/net/ghttp/ghttp_request_middleware.go:95
5.  github.com/gogf/gf/v2/util/gutil.TryCatch
    C:/Users/Administrator/go/pkg/mod/github.com/gogf/gf/v2@v2.3.1/util/gutil/gutil.go:56
6.  github.com/gogf/gf/v2/net/ghttp.(*middleware).Next
    C:/Users/Administrator/go/pkg/mod/github.com/gogf/gf/v2@v2.3.1/net/ghttp/ghttp_request_middleware.go:49
7.  demo_backend/middleware.MiddlewareLog
    F:/mydev/demo_backend/middleware/middlewareLog.go:10
8.  github.com/gogf/gf/v2/net/ghttp.(*middleware).Next.func1.5
    C:/Users/Administrator/go/pkg/mod/github.com/gogf/gf/v2@v2.3.1/net/ghttp/ghttp_request_middleware.go:96
9.  github.com/gogf/gf/v2/net/ghttp.niceCallFunc
    C:/Users/Administrator/go/pkg/mod/github.com/gogf/gf/v2@v2.3.1/net/ghttp/ghttp_func.go:55
10. github.com/gogf/gf/v2/net/ghttp.(*middleware).Next.func1
    C:/Users/Administrator/go/pkg/mod/github.com/gogf/gf/v2@v2.3.1/net/ghttp/ghttp_request_middleware.go:95
11. github.com/gogf/gf/v2/util/gutil.TryCatch
    C:/Users/Administrator/go/pkg/mod/github.com/gogf/gf/v2@v2.3.1/util/gutil/gutil.go:56
12. github.com/gogf/gf/v2/net/ghttp.(*middleware).Next
    C:/Users/Administrator/go/pkg/mod/github.com/gogf/gf/v2@v2.3.1/net/ghttp/ghttp_request_middleware.go:49
13. github.com/gogf/gf/v2/net/ghttp.internalMiddlewareServerTracing
    C:/Users/Administrator/go/pkg/mod/github.com/gogf/gf/v2@v2.3.1/net/ghttp/ghttp_middleware_tracing.go:78
14. github.com/gogf/gf/v2/net/ghttp.(*middleware).Next.func1.5
    C:/Users/Administrator/go/pkg/mod/github.com/gogf/gf/v2@v2.3.1/net/ghttp/ghttp_request_middleware.go:96
15. github.com/gogf/gf/v2/net/ghttp.niceCallFunc
    C:/Users/Administrator/go/pkg/mod/github.com/gogf/gf/v2@v2.3.1/net/ghttp/ghttp_func.go:55
16. github.com/gogf/gf/v2/net/ghttp.(*middleware).Next.func1
    C:/Users/Administrator/go/pkg/mod/github.com/gogf/gf/v2@v2.3.1/net/ghttp/ghttp_request_middleware.go:95
17. github.com/gogf/gf/v2/util/gutil.TryCatch
    C:/Users/Administrator/go/pkg/mod/github.com/gogf/gf/v2@v2.3.1/util/gutil/gutil.go:56
18. github.com/gogf/gf/v2/net/ghttp.(*middleware).Next
    C:/Users/Administrator/go/pkg/mod/github.com/gogf/gf/v2@v2.3.1/net/ghttp/ghttp_request_middleware.go:49
19. github.com/gogf/gf/v2/net/ghttp.(*Server).ServeHTTP
    C:/Users/Administrator/go/pkg/mod/github.com/gogf/gf/v2@v2.3.1/net/ghttp/ghttp_server_handler.go:132

2023-02-15 17:39:58.263 [ERRO] errorHandler.go:16: exception recovered: mssql: 当 IDENTITY_INSERT 设置为 ON 或某个复制用户向 NOT FOR REPLICATION 标识列中插入内容时，必须为表 'accounts' 中的标识列指定显式值。
Stack:
1.  demo_backend/middleware.MiddlewareErrorHandler
    F:/mydev/demo_backend/middleware/errorHandler.go:16
2.  github.com/gogf/gf/v2/net/ghttp.(*middleware).Next.func1.5
    C:/Users/Administrator/go/pkg/mod/github.com/gogf/gf/v2@v2.3.1/net/ghttp/ghttp_request_middleware.go:96
3.  github.com/gogf/gf/v2/net/ghttp.niceCallFunc
    C:/Users/Administrator/go/pkg/mod/github.com/gogf/gf/v2@v2.3.1/net/ghttp/ghttp_func.go:55
4.  github.com/gogf/gf/v2/net/ghttp.(*middleware).Next.func1
    C:/Users/Administrator/go/pkg/mod/github.com/gogf/gf/v2@v2.3.1/net/ghttp/ghttp_request_middleware.go:95
5.  github.com/gogf/gf/v2/util/gutil.TryCatch
    C:/Users/Administrator/go/pkg/mod/github.com/gogf/gf/v2@v2.3.1/util/gutil/gutil.go:56
6.  github.com/gogf/gf/v2/net/ghttp.(*middleware).Next
    C:/Users/Administrator/go/pkg/mod/github.com/gogf/gf/v2@v2.3.1/net/ghttp/ghttp_request_middleware.go:49
7.  demo_backend/middleware.MiddlewareLog
    F:/mydev/demo_backend/middleware/middlewareLog.go:10
8.  github.com/gogf/gf/v2/net/ghttp.(*middleware).Next.func1.5
    C:/Users/Administrator/go/pkg/mod/github.com/gogf/gf/v2@v2.3.1/net/ghttp/ghttp_request_middleware.go:96
9.  github.com/gogf/gf/v2/net/ghttp.niceCallFunc
    C:/Users/Administrator/go/pkg/mod/github.com/gogf/gf/v2@v2.3.1/net/ghttp/ghttp_func.go:55
10. github.com/gogf/gf/v2/net/ghttp.(*middleware).Next.func1
    C:/Users/Administrator/go/pkg/mod/github.com/gogf/gf/v2@v2.3.1/net/ghttp/ghttp_request_middleware.go:95
11. github.com/gogf/gf/v2/util/gutil.TryCatch
    C:/Users/Administrator/go/pkg/mod/github.com/gogf/gf/v2@v2.3.1/util/gutil/gutil.go:56
12. github.com/gogf/gf/v2/net/ghttp.(*middleware).Next
    C:/Users/Administrator/go/pkg/mod/github.com/gogf/gf/v2@v2.3.1/net/ghttp/ghttp_request_middleware.go:49
13. github.com/gogf/gf/v2/net/ghttp.internalMiddlewareServerTracing
    C:/Users/Administrator/go/pkg/mod/github.com/gogf/gf/v2@v2.3.1/net/ghttp/ghttp_middleware_tracing.go:78
14. github.com/gogf/gf/v2/net/ghttp.(*middleware).Next.func1.5
    C:/Users/Administrator/go/pkg/mod/github.com/gogf/gf/v2@v2.3.1/net/ghttp/ghttp_request_middleware.go:96
15. github.com/gogf/gf/v2/net/ghttp.niceCallFunc
    C:/Users/Administrator/go/pkg/mod/github.com/gogf/gf/v2@v2.3.1/net/ghttp/ghttp_func.go:55
16. github.com/gogf/gf/v2/net/ghttp.(*middleware).Next.func1
    C:/Users/Administrator/go/pkg/mod/github.com/gogf/gf/v2@v2.3.1/net/ghttp/ghttp_request_middleware.go:95
17. github.com/gogf/gf/v2/util/gutil.TryCatch
    C:/Users/Administrator/go/pkg/mod/github.com/gogf/gf/v2@v2.3.1/util/gutil/gutil.go:56
18. github.com/gogf/gf/v2/net/ghttp.(*middleware).Next
    C:/Users/Administrator/go/pkg/mod/github.com/gogf/gf/v2@v2.3.1/net/ghttp/ghttp_request_middleware.go:49
19. github.com/gogf/gf/v2/net/ghttp.(*Server).ServeHTTP
    C:/Users/Administrator/go/pkg/mod/github.com/gogf/gf/v2@v2.3.1/net/ghttp/ghttp_server_handler.go:132

2023-02-15 17:42:35.824 [ERRO] errorHandler.go:16: exception recovered: mssql: 当 IDENTITY_INSERT 设置为 ON 或某个复制用户向 NOT FOR REPLICATION 标识列中插入内容时，必须为表 'accounts' 中的标识列指定显式值。
Stack:
1.  demo_backend/middleware.MiddlewareErrorHandler
    F:/mydev/demo_backend/middleware/errorHandler.go:16
2.  github.com/gogf/gf/v2/net/ghttp.(*middleware).Next.func1.5
    C:/Users/Administrator/go/pkg/mod/github.com/gogf/gf/v2@v2.3.1/net/ghttp/ghttp_request_middleware.go:96
3.  github.com/gogf/gf/v2/net/ghttp.niceCallFunc
    C:/Users/Administrator/go/pkg/mod/github.com/gogf/gf/v2@v2.3.1/net/ghttp/ghttp_func.go:55
4.  github.com/gogf/gf/v2/net/ghttp.(*middleware).Next.func1
    C:/Users/Administrator/go/pkg/mod/github.com/gogf/gf/v2@v2.3.1/net/ghttp/ghttp_request_middleware.go:95
5.  github.com/gogf/gf/v2/util/gutil.TryCatch
    C:/Users/Administrator/go/pkg/mod/github.com/gogf/gf/v2@v2.3.1/util/gutil/gutil.go:56
6.  github.com/gogf/gf/v2/net/ghttp.(*middleware).Next
    C:/Users/Administrator/go/pkg/mod/github.com/gogf/gf/v2@v2.3.1/net/ghttp/ghttp_request_middleware.go:49
7.  demo_backend/middleware.MiddlewareLog
    F:/mydev/demo_backend/middleware/middlewareLog.go:10
8.  github.com/gogf/gf/v2/net/ghttp.(*middleware).Next.func1.5
    C:/Users/Administrator/go/pkg/mod/github.com/gogf/gf/v2@v2.3.1/net/ghttp/ghttp_request_middleware.go:96
9.  github.com/gogf/gf/v2/net/ghttp.niceCallFunc
    C:/Users/Administrator/go/pkg/mod/github.com/gogf/gf/v2@v2.3.1/net/ghttp/ghttp_func.go:55
10. github.com/gogf/gf/v2/net/ghttp.(*middleware).Next.func1
    C:/Users/Administrator/go/pkg/mod/github.com/gogf/gf/v2@v2.3.1/net/ghttp/ghttp_request_middleware.go:95
11. github.com/gogf/gf/v2/util/gutil.TryCatch
    C:/Users/Administrator/go/pkg/mod/github.com/gogf/gf/v2@v2.3.1/util/gutil/gutil.go:56
12. github.com/gogf/gf/v2/net/ghttp.(*middleware).Next
    C:/Users/Administrator/go/pkg/mod/github.com/gogf/gf/v2@v2.3.1/net/ghttp/ghttp_request_middleware.go:49
13. github.com/gogf/gf/v2/net/ghttp.internalMiddlewareServerTracing
    C:/Users/Administrator/go/pkg/mod/github.com/gogf/gf/v2@v2.3.1/net/ghttp/ghttp_middleware_tracing.go:78
14. github.com/gogf/gf/v2/net/ghttp.(*middleware).Next.func1.5
    C:/Users/Administrator/go/pkg/mod/github.com/gogf/gf/v2@v2.3.1/net/ghttp/ghttp_request_middleware.go:96
15. github.com/gogf/gf/v2/net/ghttp.niceCallFunc
    C:/Users/Administrator/go/pkg/mod/github.com/gogf/gf/v2@v2.3.1/net/ghttp/ghttp_func.go:55
16. github.com/gogf/gf/v2/net/ghttp.(*middleware).Next.func1
    C:/Users/Administrator/go/pkg/mod/github.com/gogf/gf/v2@v2.3.1/net/ghttp/ghttp_request_middleware.go:95
17. github.com/gogf/gf/v2/util/gutil.TryCatch
    C:/Users/Administrator/go/pkg/mod/github.com/gogf/gf/v2@v2.3.1/util/gutil/gutil.go:56
18. github.com/gogf/gf/v2/net/ghttp.(*middleware).Next
    C:/Users/Administrator/go/pkg/mod/github.com/gogf/gf/v2@v2.3.1/net/ghttp/ghttp_request_middleware.go:49
19. github.com/gogf/gf/v2/net/ghttp.(*Server).ServeHTTP
    C:/Users/Administrator/go/pkg/mod/github.com/gogf/gf/v2@v2.3.1/net/ghttp/ghttp_server_handler.go:132

2023-02-15 17:43:53.283 [ERRO] errorHandler.go:16: exception recovered: mssql: 违反了 UNIQUE KEY 约束“UQ__accounts__72E12F1BB2F26D04”。不能在对象“dbo.accounts”中插入重复键。重复键值为 (pyxfgj)。
Stack:
1.  demo_backend/middleware.MiddlewareErrorHandler
    F:/mydev/demo_backend/middleware/errorHandler.go:16
2.  github.com/gogf/gf/v2/net/ghttp.(*middleware).Next.func1.5
    C:/Users/Administrator/go/pkg/mod/github.com/gogf/gf/v2@v2.3.1/net/ghttp/ghttp_request_middleware.go:96
3.  github.com/gogf/gf/v2/net/ghttp.niceCallFunc
    C:/Users/Administrator/go/pkg/mod/github.com/gogf/gf/v2@v2.3.1/net/ghttp/ghttp_func.go:55
4.  github.com/gogf/gf/v2/net/ghttp.(*middleware).Next.func1
    C:/Users/Administrator/go/pkg/mod/github.com/gogf/gf/v2@v2.3.1/net/ghttp/ghttp_request_middleware.go:95
5.  github.com/gogf/gf/v2/util/gutil.TryCatch
    C:/Users/Administrator/go/pkg/mod/github.com/gogf/gf/v2@v2.3.1/util/gutil/gutil.go:56
6.  github.com/gogf/gf/v2/net/ghttp.(*middleware).Next
    C:/Users/Administrator/go/pkg/mod/github.com/gogf/gf/v2@v2.3.1/net/ghttp/ghttp_request_middleware.go:49
7.  demo_backend/middleware.MiddlewareLog
    F:/mydev/demo_backend/middleware/middlewareLog.go:10
8.  github.com/gogf/gf/v2/net/ghttp.(*middleware).Next.func1.5
    C:/Users/Administrator/go/pkg/mod/github.com/gogf/gf/v2@v2.3.1/net/ghttp/ghttp_request_middleware.go:96
9.  github.com/gogf/gf/v2/net/ghttp.niceCallFunc
    C:/Users/Administrator/go/pkg/mod/github.com/gogf/gf/v2@v2.3.1/net/ghttp/ghttp_func.go:55
10. github.com/gogf/gf/v2/net/ghttp.(*middleware).Next.func1
    C:/Users/Administrator/go/pkg/mod/github.com/gogf/gf/v2@v2.3.1/net/ghttp/ghttp_request_middleware.go:95
11. github.com/gogf/gf/v2/util/gutil.TryCatch
    C:/Users/Administrator/go/pkg/mod/github.com/gogf/gf/v2@v2.3.1/util/gutil/gutil.go:56
12. github.com/gogf/gf/v2/net/ghttp.(*middleware).Next
    C:/Users/Administrator/go/pkg/mod/github.com/gogf/gf/v2@v2.3.1/net/ghttp/ghttp_request_middleware.go:49
13. github.com/gogf/gf/v2/net/ghttp.internalMiddlewareServerTracing
    C:/Users/Administrator/go/pkg/mod/github.com/gogf/gf/v2@v2.3.1/net/ghttp/ghttp_middleware_tracing.go:78
14. github.com/gogf/gf/v2/net/ghttp.(*middleware).Next.func1.5
    C:/Users/Administrator/go/pkg/mod/github.com/gogf/gf/v2@v2.3.1/net/ghttp/ghttp_request_middleware.go:96
15. github.com/gogf/gf/v2/net/ghttp.niceCallFunc
    C:/Users/Administrator/go/pkg/mod/github.com/gogf/gf/v2@v2.3.1/net/ghttp/ghttp_func.go:55
16. github.com/gogf/gf/v2/net/ghttp.(*middleware).Next.func1
    C:/Users/Administrator/go/pkg/mod/github.com/gogf/gf/v2@v2.3.1/net/ghttp/ghttp_request_middleware.go:95
17. github.com/gogf/gf/v2/util/gutil.TryCatch
    C:/Users/Administrator/go/pkg/mod/github.com/gogf/gf/v2@v2.3.1/util/gutil/gutil.go:56
18. github.com/gogf/gf/v2/net/ghttp.(*middleware).Next
    C:/Users/Administrator/go/pkg/mod/github.com/gogf/gf/v2@v2.3.1/net/ghttp/ghttp_request_middleware.go:49
19. github.com/gogf/gf/v2/net/ghttp.(*Server).ServeHTTP
    C:/Users/Administrator/go/pkg/mod/github.com/gogf/gf/v2@v2.3.1/net/ghttp/ghttp_server_handler.go:132

